<?xml version="1.0" encoding="UTF-8"?>\n<testsuites>\n  <testsuite name="gid_iid_xid" tests="24" failures="6" time="36.255">\n    <testcase name="gid_whitespace_invariance_1" classname="gid_iid_xid" time="1.421">\n    </testcase>\n    <testcase name="gid_whitespace_invariance_2" classname="gid_iid_xid" time="1.214">\n    </testcase>\n    <testcase name="gid_alpha_rename_1" classname="gid_iid_xid" time="1.247">\n    </testcase>\n    <testcase name="gid_alpha_rename_2" classname="gid_iid_xid" time="1.239">\n    </testcase>\n    <testcase name="gid_paren_normalize_1" classname="gid_iid_xid" time="1.258">\n    </testcase>\n    <testcase name="gid_complex_normalize" classname="gid_iid_xid" time="1.270">\n    </testcase>\n    <testcase name="iid_abi_equal_code_differ_1" classname="gid_iid_xid" time="1.220">\n    </testcase>\n    <testcase name="iid_abi_equal_code_differ_2" classname="gid_iid_xid" time="1.279">\n    </testcase>\n    <testcase name="iid_port_equal_1" classname="gid_iid_xid" time="1.213">\n    </testcase>\n    <testcase name="iid_abi_types_equal" classname="gid_iid_xid" time="1.235">\n    </testcase>\n    <testcase name="iid_effects_equal" classname="gid_iid_xid" time="1.233">\n    </testcase>\n    <testcase name="iid_fallback_ports" classname="gid_iid_xid" time="1.249">\n    </testcase>\n    <testcase name="xid_neighbor_change_1" classname="gid_iid_xid" time="1.372">\n    </testcase>\n    <testcase name="xid_neighbor_change_2" classname="gid_iid_xid" time="1.240">\n    </testcase>\n    <testcase name="xid_no_neighbors" classname="gid_iid_xid" time="1.208">\n    </testcase>\n    <testcase name="xid_add_neighbor" classname="gid_iid_xid" time="1.440">\n    </testcase>\n    <testcase name="xid_neighbor_order_invariant" classname="gid_iid_xid" time="2.134">\n    </testcase>\n    <testcase name="xid_port_subset" classname="gid_iid_xid" time="2.425">\n    </testcase>\n    <testcase name="negative_gid_code_change" classname="gid_iid_xid" time="2.606">\n      <failure message="Expected failure but test passed">Expected failure but test passed</failure>\n    </testcase>\n    <testcase name="negative_iid_abi_type_change" classname="gid_iid_xid" time="1.601">\n      <failure message="Expected failure but test passed">Expected failure but test passed</failure>\n    </testcase>\n    <testcase name="negative_iid_effect_change" classname="gid_iid_xid" time="2.590">\n      <failure message="Expected failure but test passed">Expected failure but test passed</failure>\n    </testcase>\n    <testcase name="negative_iid_port_name_change" classname="gid_iid_xid" time="1.564">\n      <failure message="Expected failure but test passed">Expected failure but test passed</failure>\n    </testcase>\n    <testcase name="negative_xid_same_gid_same_neighbors" classname="gid_iid_xid" time="1.647">\n      <failure message="Expected failure but test passed">Expected failure but test passed</failure>\n    </testcase>\n    <testcase name="negative_all_equal_but_should_fail" classname="gid_iid_xid" time="1.350">\n      <failure message="Expected failure but test passed">Expected failure but test passed</failure>\n    </testcase>\n  </testsuite>\n  <testsuite name="nf" tests="12" failures="0" time="29.980">\n    <testcase name="then_identity_basic" classname="nf" time="1.966">\n    </testcase>\n    <testcase name="then_identity_complex" classname="nf" time="2.178">\n    </testcase>\n    <testcase name="then_identity_nested" classname="nf" time="2.473">\n    </testcase>\n    <testcase name="then_identity_performance_critical" classname="nf" time="1.943">\n    </testcase>\n    <testcase name="split_merge_identity_basic" classname="nf" time="1.901">\n    </testcase>\n    <testcase name="split_merge_identity_parallel" classname="nf" time="3.487">\n    </testcase>\n    <testcase name="split_merge_identity_memory_optimized" classname="nf" time="3.408">\n    </testcase>\n    <testcase name="split_merge_identity_streaming" classname="nf" time="2.854">\n    </testcase>\n    <testcase name="focus_compose_basic" classname="nf" time="2.758">\n    </testcase>\n    <testcase name="focus_compose_chain" classname="nf" time="2.279">\n    </testcase>\n    <testcase name="focus_compose_expensive" classname="nf" time="2.068">\n    </testcase>\n    <testcase name="focus_compose_stub_disabled" classname="nf" time="2.665">\n    </testcase>\n  </testsuite>\n  <testsuite name="autopilot" tests="12" failures="1" time="8.055">\n    <testcase name="unique_minimum_simple" classname="autopilot" time="0.731">\n    </testcase>\n    <testcase name="unique_minimum_complex" classname="autopilot" time="0.643">\n    </testcase>\n    <testcase name="unique_minimum_branching" classname="autopilot" time="0.749">\n    </testcase>\n    <testcase name="unique_minimum_memory_optimized" classname="autopilot" time="0.605">\n    </testcase>\n    <testcase name="tie_exact_equal_costs" classname="autopilot" time="0.648">\n    </testcase>\n    <testcase name="tie_minimal_difference" classname="autopilot" time="0.629">\n    </testcase>\n    <testcase name="tie_parallel_paths" classname="autopilot" time="0.646">\n      <failure message="Regret exceeds tie bound: 3.7417879417879423 &gt; 0.01">Regret exceeds tie bound: 3.7417879417879423 &gt; 0.01</failure>\n    </testcase>\n    <testcase name="tie_memory_vs_latency_tradeoff" classname="autopilot" time="0.640">\n    </testcase>\n    <testcase name="near_tie_3_percent" classname="autopilot" time="0.681">\n    </testcase>\n    <testcase name="near_tie_edge_case" classname="autopilot" time="0.681">\n    </testcase>\n    <testcase name="near_tie_streaming_vs_batch" classname="autopilot" time="0.694">\n    </testcase>\n    <testcase name="near_tie_memory_constrained" classname="autopilot" time="0.708">\n    </testcase>\n  </testsuite>\n  <testsuite name="garden" tests="27" failures="0" time="0.005">\n    <testcase name="focus_delay_gid_invariant" classname="garden" time="0.001">\n    </testcase>\n    <testcase name="focus_delay_temporal_law" classname="garden" time="0.000">\n    </testcase>\n    <testcase name="focus_delay_route_length" classname="garden" time="0.000">\n    </testcase>\n    <testcase name="scan_focus_aggregation" classname="garden" time="0.000">\n    </testcase>\n    <testcase name="scan_focus_laws" classname="garden" time="0.000">\n    </testcase>\n    <testcase name="scan_focus_complexity" classname="garden" time="0.000">\n    </testcase>\n    <testcase name="partition_merge_split_pattern" classname="garden" time="0.001">\n    </testcase>\n    <testcase name="partition_merge_laws" classname="garden" time="0.000">\n    </testcase>\n    <testcase name="partition_merge_convergence" classname="garden" time="0.000">\n    </testcase>\n    <testcase name="loop_lite_feedback" classname="garden" time="0.000">\n    </testcase>\n    <testcase name="loop_lite_laws" classname="garden" time="0.000">\n    </testcase>\n    <testcase name="loop_lite_temporal" classname="garden" time="0.000">\n    </testcase>\n    <testcase name="branch_stress_wide_fanout" classname="garden" time="0.000">\n    </testcase>\n    <testcase name="branch_stress_laws" classname="garden" time="0.001">\n    </testcase>\n    <testcase name="branch_stress_fanout" classname="garden" time="0.000">\n    </testcase>\n    <testcase name="hello_city_journey" classname="garden" time="0.001">\n    </testcase>\n    <testcase name="hello_city_laws" classname="garden" time="0.000">\n    </testcase>\n    <testcase name="hello_city_structure" classname="garden" time="0.000">\n    </testcase>\n    <testcase name="select_map_filter_alias" classname="garden" time="0.000">\n    </testcase>\n    <testcase name="select_laws" classname="garden" time="0.000">\n    </testcase>\n    <testcase name="select_complexity" classname="garden" time="0.000">\n    </testcase>\n    <testcase name="bounded_delay_window" classname="garden" time="0.001">\n    </testcase>\n    <testcase name="bounded_delay_laws" classname="garden" time="0.000">\n    </testcase>\n    <testcase name="bounded_delay_temporal" classname="garden" time="0.000">\n    </testcase>\n    <testcase name="route_merge_key_routing" classname="garden" time="0.000">\n    </testcase>\n    <testcase name="route_merge_laws" classname="garden" time="0.000">\n    </testcase>\n    <testcase name="route_merge_structure" classname="garden" time="0.000">\n    </testcase>\n  </testsuite>\n</testsuites>\n